<?xml version="1.0" encoding="UTF-8"?>
<testsuite xmlns:xsi="http://www.w3.org/2001/XMLSchema-instance" xsi:noNamespaceSchemaLocation="https://maven.apache.org/surefire/maven-surefire-plugin/xsd/surefire-test-report-3.0.xsd" version="3.0" name="kth.system.healthcare.PatientRegistrationService.PatientManagementApplicationTests" time="3.002" tests="1" errors="0" skipped="0" failures="0">
  <properties>
[...]
</properties>
  <testcase name="contextLoads" classname="kth.system.healthcare.PatientRegistrationService.PatientManagementApplicationTests" time="0.752">
    <system-out><![CDATA[Standard Commons Logging discovery in action with spring-jcl: please remove commons-logging.jar from classpath in order to avoid potential conflicts
10:37:06.140 [main] INFO org.springframework.test.context.support.AnnotationConfigContextLoaderUtils -- Could not detect default configuration classes for test class [kth.system.healthcare.PatientRegistrationService.PatientManagementApplicationTests]: PatientManagementApplicationTests does not declare any static, non-private, non-final, nested classes annotated with @Configuration.
10:37:06.229 [main] INFO org.springframework.boot.test.context.SpringBootTestContextBootstrapper -- Found @SpringBootConfiguration kth.system.healthcare.PatientRegistrationService.PatientManagementApplication for test class kth.system.healthcare.PatientRegistrationService.PatientManagementApplicationTests

  .   ____          _            __ _ _
 /\\ / ___'_ __ _ _(_)_ __  __ _ \ \ \ \
( ( )\___ | '_ | '_| | '_ \/ _` | \ \ \ \
 \\/  ___)| |_)| | | | | || (_| |  ) ) ) )
  '  |____| .__|_| |_|_| |_\__, | / / / /
 =========|_|==============|___/=/_/_/_/
 :: Spring Boot ::                (v3.2.2)

2024-03-01T10:37:06.568+01:00  INFO 9640 --- [           main] .s.h.P.PatientManagementApplicationTests : Starting PatientManagementApplicationTests using Java 21.0.1 with PID 9640 (started by sabah in C:\KTH_3\SoftwareProjekt\Project_Github\PatientManagement)
2024-03-01T10:37:06.569+01:00  INFO 9640 --- [           main] .s.h.P.PatientManagementApplicationTests : No active profile set, falling back to 1 default profile: "default"
2024-03-01T10:37:07.987+01:00  INFO 9640 --- [           main] o.a.k.clients.consumer.ConsumerConfig    : ConsumerConfig values: 
	allow.auto.create.topics = true
	auto.commit.interval.ms = 5000
	auto.include.jmx.reporter = true
	auto.offset.reset = earliest
	bootstrap.servers = [vm.cloud.cbh.kth.se:2558]
	check.crcs = true
	client.dns.lookup = use_all_dns_ips
	client.id = consumer-patient-registration-group-getevents-1
	client.rack = 
	connections.max.idle.ms = 540000
	default.api.timeout.ms = 60000
	enable.auto.commit = false
	exclude.internal.topics = true
	fetch.max.bytes = 52428800
	fetch.max.wait.ms = 500
	fetch.min.bytes = 1
	group.id = patient-registration-group-getevents
	group.instance.id = null
	heartbeat.interval.ms = 3000
	interceptor.classes = []
	internal.leave.group.on.close = true
	internal.throw.on.fetch.stable.offset.unsupported = false
	isolation.level = read_uncommitted
	key.deserializer = class org.apache.kafka.common.serialization.StringDeserializer
	max.partition.fetch.bytes = 1048576
	max.poll.interval.ms = 300000
	max.poll.records = 500
	metadata.max.age.ms = 300000
	metric.reporters = []
	metrics.num.samples = 2
	metrics.recording.level = INFO
	metrics.sample.window.ms = 30000
	partition.assignment.strategy = [class org.apache.kafka.clients.consumer.RangeAssignor, class org.apache.kafka.clients.consumer.CooperativeStickyAssignor]
	receive.buffer.bytes = 65536
	reconnect.backoff.max.ms = 1000
	reconnect.backoff.ms = 50
	request.timeout.ms = 30000
	retry.backoff.ms = 100
	sasl.client.callback.handler.class = null
	sasl.jaas.config = null
	sasl.kerberos.kinit.cmd = /usr/bin/kinit
	sasl.kerberos.min.time.before.relogin = 60000
	sasl.kerberos.service.name = null
	sasl.kerberos.ticket.renew.jitter = 0.05
	sasl.kerberos.ticket.renew.window.factor = 0.8
	sasl.login.callback.handler.class = null
	sasl.login.class = null
	sasl.login.connect.timeout.ms = null
	sasl.login.read.timeout.ms = null
	sasl.login.refresh.buffer.seconds = 300
	sasl.login.refresh.min.period.seconds = 60
	sasl.login.refresh.window.factor = 0.8
	sasl.login.refresh.window.jitter = 0.05
	sasl.login.retry.backoff.max.ms = 10000
	sasl.login.retry.backoff.ms = 100
	sasl.mechanism = GSSAPI
	sasl.oauthbearer.clock.skew.seconds = 30
	sasl.oauthbearer.expected.audience = null
	sasl.oauthbearer.expected.issuer = null
	sasl.oauthbearer.jwks.endpoint.refresh.ms = 3600000
	sasl.oauthbearer.jwks.endpoint.retry.backoff.max.ms = 10000
	sasl.oauthbearer.jwks.endpoint.retry.backoff.ms = 100
	sasl.oauthbearer.jwks.endpoint.url = null
	sasl.oauthbearer.scope.claim.name = scope
	sasl.oauthbearer.sub.claim.name = sub
	sasl.oauthbearer.token.endpoint.url = null
	security.protocol = PLAINTEXT
	security.providers = null
	send.buffer.bytes = 131072
	session.timeout.ms = 45000
	socket.connection.setup.timeout.max.ms = 30000
	socket.connection.setup.timeout.ms = 10000
	ssl.cipher.suites = null
	ssl.enabled.protocols = [TLSv1.2, TLSv1.3]
	ssl.endpoint.identification.algorithm = https
	ssl.engine.factory.class = null
	ssl.key.password = null
	ssl.keymanager.algorithm = SunX509
	ssl.keystore.certificate.chain = null
	ssl.keystore.key = null
	ssl.keystore.location = null
	ssl.keystore.password = null
	ssl.keystore.type = JKS
	ssl.protocol = TLSv1.3
	ssl.provider = null
	ssl.secure.random.implementation = null
	ssl.trustmanager.algorithm = PKIX
	ssl.truststore.certificates = null
	ssl.truststore.location = null
	ssl.truststore.password = null
	ssl.truststore.type = JKS
	value.deserializer = class org.springframework.kafka.support.serializer.JsonDeserializer

2024-03-01T10:37:08.179+01:00  INFO 9640 --- [           main] o.a.kafka.common.utils.AppInfoParser     : Kafka version: 3.6.1
2024-03-01T10:37:08.179+01:00  INFO 9640 --- [           main] o.a.kafka.common.utils.AppInfoParser     : Kafka commitId: 5e3c2b738d253ff5
2024-03-01T10:37:08.180+01:00  INFO 9640 --- [           main] o.a.kafka.common.utils.AppInfoParser     : Kafka startTimeMs: 1709285828178
2024-03-01T10:37:08.181+01:00  INFO 9640 --- [           main] fkaConsumerFactory$ExtendedKafkaConsumer : [Consumer clientId=consumer-patient-registration-group-getevents-1, groupId=patient-registration-group-getevents] Subscribed to topic(s): patient-registration-topic
2024-03-01T10:37:08.189+01:00  INFO 9640 --- [           main] o.a.k.clients.consumer.ConsumerConfig    : ConsumerConfig values: 
	allow.auto.create.topics = true
	auto.commit.interval.ms = 5000
	auto.include.jmx.reporter = true
	auto.offset.reset = earliest
	bootstrap.servers = [vm.cloud.cbh.kth.se:2558]
	check.crcs = true
	client.dns.lookup = use_all_dns_ips
	client.id = consumer-patient-registration-group-2
	client.rack = 
	connections.max.idle.ms = 540000
	default.api.timeout.ms = 60000
	enable.auto.commit = false
	exclude.internal.topics = true
	fetch.max.bytes = 52428800
	fetch.max.wait.ms = 500
	fetch.min.bytes = 1
	group.id = patient-registration-group
	group.instance.id = null
	heartbeat.interval.ms = 3000
	interceptor.classes = []
	internal.leave.group.on.close = true
	internal.throw.on.fetch.stable.offset.unsupported = false
	isolation.level = read_uncommitted
	key.deserializer = class org.apache.kafka.common.serialization.StringDeserializer
	max.partition.fetch.bytes = 1048576
	max.poll.interval.ms = 300000
	max.poll.records = 500
	metadata.max.age.ms = 300000
	metric.reporters = []
	metrics.num.samples = 2
	metrics.recording.level = INFO
	metrics.sample.window.ms = 30000
	partition.assignment.strategy = [class org.apache.kafka.clients.consumer.RangeAssignor, class org.apache.kafka.clients.consumer.CooperativeStickyAssignor]
	receive.buffer.bytes = 65536
	reconnect.backoff.max.ms = 1000
	reconnect.backoff.ms = 50
	request.timeout.ms = 30000
	retry.backoff.ms = 100
	sasl.client.callback.handler.class = null
	sasl.jaas.config = null
	sasl.kerberos.kinit.cmd = /usr/bin/kinit
	sasl.kerberos.min.time.before.relogin = 60000
	sasl.kerberos.service.name = null
	sasl.kerberos.ticket.renew.jitter = 0.05
	sasl.kerberos.ticket.renew.window.factor = 0.8
	sasl.login.callback.handler.class = null
	sasl.login.class = null
	sasl.login.connect.timeout.ms = null
	sasl.login.read.timeout.ms = null
	sasl.login.refresh.buffer.seconds = 300
	sasl.login.refresh.min.period.seconds = 60
	sasl.login.refresh.window.factor = 0.8
	sasl.login.refresh.window.jitter = 0.05
	sasl.login.retry.backoff.max.ms = 10000
	sasl.login.retry.backoff.ms = 100
	sasl.mechanism = GSSAPI
	sasl.oauthbearer.clock.skew.seconds = 30
	sasl.oauthbearer.expected.audience = null
	sasl.oauthbearer.expected.issuer = null
	sasl.oauthbearer.jwks.endpoint.refresh.ms = 3600000
	sasl.oauthbearer.jwks.endpoint.retry.backoff.max.ms = 10000
	sasl.oauthbearer.jwks.endpoint.retry.backoff.ms = 100
	sasl.oauthbearer.jwks.endpoint.url = null
	sasl.oauthbearer.scope.claim.name = scope
	sasl.oauthbearer.sub.claim.name = sub
	sasl.oauthbearer.token.endpoint.url = null
	security.protocol = PLAINTEXT
	security.providers = null
	send.buffer.bytes = 131072
	session.timeout.ms = 45000
	socket.connection.setup.timeout.max.ms = 30000
	socket.connection.setup.timeout.ms = 10000
	ssl.cipher.suites = null
	ssl.enabled.protocols = [TLSv1.2, TLSv1.3]
	ssl.endpoint.identification.algorithm = https
	ssl.engine.factory.class = null
	ssl.key.password = null
	ssl.keymanager.algorithm = SunX509
	ssl.keystore.certificate.chain = null
	ssl.keystore.key = null
	ssl.keystore.location = null
	ssl.keystore.password = null
	ssl.keystore.type = JKS
	ssl.protocol = TLSv1.3
	ssl.provider = null
	ssl.secure.random.implementation = null
	ssl.trustmanager.algorithm = PKIX
	ssl.truststore.certificates = null
	ssl.truststore.location = null
	ssl.truststore.password = null
	ssl.truststore.type = JKS
	value.deserializer = class org.springframework.kafka.support.serializer.JsonDeserializer

2024-03-01T10:37:08.198+01:00  INFO 9640 --- [           main] o.a.kafka.common.utils.AppInfoParser     : Kafka version: 3.6.1
2024-03-01T10:37:08.198+01:00  INFO 9640 --- [           main] o.a.kafka.common.utils.AppInfoParser     : Kafka commitId: 5e3c2b738d253ff5
2024-03-01T10:37:08.198+01:00  INFO 9640 --- [           main] o.a.kafka.common.utils.AppInfoParser     : Kafka startTimeMs: 1709285828198
2024-03-01T10:37:08.198+01:00  INFO 9640 --- [           main] fkaConsumerFactory$ExtendedKafkaConsumer : [Consumer clientId=consumer-patient-registration-group-2, groupId=patient-registration-group] Subscribed to topic(s): patient-registration-topic
2024-03-01T10:37:08.207+01:00  INFO 9640 --- [           main] .s.h.P.PatientManagementApplicationTests : Started PatientManagementApplicationTests in 1.858 seconds (process running for 2.724)
2024-03-01T10:37:08.624+01:00  INFO 9640 --- [ntainer#1-0-C-1] org.apache.kafka.clients.Metadata        : [Consumer clientId=consumer-patient-registration-group-2, groupId=patient-registration-group] Cluster ID: 31N9CjlpSQqF-o0tJRjz-w
2024-03-01T10:37:08.626+01:00  INFO 9640 --- [ntainer#1-0-C-1] o.a.k.c.c.internals.ConsumerCoordinator  : [Consumer clientId=consumer-patient-registration-group-2, groupId=patient-registration-group] Discovered group coordinator vm.cloud.cbh.kth.se:2558 (id: 2147483647 rack: null)
2024-03-01T10:37:08.627+01:00  INFO 9640 --- [ntainer#1-0-C-1] o.a.k.c.c.internals.ConsumerCoordinator  : [Consumer clientId=consumer-patient-registration-group-2, groupId=patient-registration-group] (Re-)joining group
2024-03-01T10:37:08.634+01:00  INFO 9640 --- [ntainer#0-0-C-1] org.apache.kafka.clients.Metadata        : [Consumer clientId=consumer-patient-registration-group-getevents-1, groupId=patient-registration-group-getevents] Cluster ID: 31N9CjlpSQqF-o0tJRjz-w
2024-03-01T10:37:08.635+01:00  INFO 9640 --- [ntainer#0-0-C-1] o.a.k.c.c.internals.ConsumerCoordinator  : [Consumer clientId=consumer-patient-registration-group-getevents-1, groupId=patient-registration-group-getevents] Discovered group coordinator vm.cloud.cbh.kth.se:2558 (id: 2147483647 rack: null)
2024-03-01T10:37:08.636+01:00  INFO 9640 --- [ntainer#0-0-C-1] o.a.k.c.c.internals.ConsumerCoordinator  : [Consumer clientId=consumer-patient-registration-group-getevents-1, groupId=patient-registration-group-getevents] (Re-)joining group
2024-03-01T10:37:08.696+01:00  INFO 9640 --- [ntainer#1-0-C-1] o.a.k.c.c.internals.ConsumerCoordinator  : [Consumer clientId=consumer-patient-registration-group-2, groupId=patient-registration-group] Request joining group due to: need to re-join with the given member-id: consumer-patient-registration-group-2-875b0bf4-d55e-4e71-b5fd-e351fb9b9517
2024-03-01T10:37:08.697+01:00  INFO 9640 --- [ntainer#1-0-C-1] o.a.k.c.c.internals.ConsumerCoordinator  : [Consumer clientId=consumer-patient-registration-group-2, groupId=patient-registration-group] Request joining group due to: rebalance failed due to 'The group member needs to have a valid member id before actually entering a consumer group.' (MemberIdRequiredException)
2024-03-01T10:37:08.697+01:00  INFO 9640 --- [ntainer#1-0-C-1] o.a.k.c.c.internals.ConsumerCoordinator  : [Consumer clientId=consumer-patient-registration-group-2, groupId=patient-registration-group] (Re-)joining group
2024-03-01T10:37:08.705+01:00  INFO 9640 --- [ntainer#0-0-C-1] o.a.k.c.c.internals.ConsumerCoordinator  : [Consumer clientId=consumer-patient-registration-group-getevents-1, groupId=patient-registration-group-getevents] Request joining group due to: need to re-join with the given member-id: consumer-patient-registration-group-getevents-1-26dc441f-e05f-421a-9315-f241d2b66ae4
2024-03-01T10:37:08.705+01:00  INFO 9640 --- [ntainer#0-0-C-1] o.a.k.c.c.internals.ConsumerCoordinator  : [Consumer clientId=consumer-patient-registration-group-getevents-1, groupId=patient-registration-group-getevents] Request joining group due to: rebalance failed due to 'The group member needs to have a valid member id before actually entering a consumer group.' (MemberIdRequiredException)
2024-03-01T10:37:08.705+01:00  INFO 9640 --- [ntainer#0-0-C-1] o.a.k.c.c.internals.ConsumerCoordinator  : [Consumer clientId=consumer-patient-registration-group-getevents-1, groupId=patient-registration-group-getevents] (Re-)joining group
2024-03-01T10:37:08.719+01:00  INFO 9640 --- [ntainer#1-0-C-1] o.a.k.c.c.internals.ConsumerCoordinator  : [Consumer clientId=consumer-patient-registration-group-2, groupId=patient-registration-group] Successfully joined group with generation Generation{generationId=7, memberId='consumer-patient-registration-group-2-875b0bf4-d55e-4e71-b5fd-e351fb9b9517', protocol='range'}
2024-03-01T10:37:08.725+01:00  INFO 9640 --- [ntainer#1-0-C-1] o.a.k.c.c.internals.ConsumerCoordinator  : [Consumer clientId=consumer-patient-registration-group-2, groupId=patient-registration-group] Finished assignment for group at generation 7: {consumer-patient-registration-group-2-875b0bf4-d55e-4e71-b5fd-e351fb9b9517=Assignment(partitions=[patient-registration-topic-0])}
2024-03-01T10:37:08.728+01:00  INFO 9640 --- [ntainer#0-0-C-1] o.a.k.c.c.internals.ConsumerCoordinator  : [Consumer clientId=consumer-patient-registration-group-getevents-1, groupId=patient-registration-group-getevents] Successfully joined group with generation Generation{generationId=7, memberId='consumer-patient-registration-group-getevents-1-26dc441f-e05f-421a-9315-f241d2b66ae4', protocol='range'}
2024-03-01T10:37:08.728+01:00  INFO 9640 --- [ntainer#0-0-C-1] o.a.k.c.c.internals.ConsumerCoordinator  : [Consumer clientId=consumer-patient-registration-group-getevents-1, groupId=patient-registration-group-getevents] Finished assignment for group at generation 7: {consumer-patient-registration-group-getevents-1-26dc441f-e05f-421a-9315-f241d2b66ae4=Assignment(partitions=[patient-registration-topic-0])}
2024-03-01T10:37:08.753+01:00  INFO 9640 --- [ntainer#0-0-C-1] o.a.k.c.c.internals.ConsumerCoordinator  : [Consumer clientId=consumer-patient-registration-group-getevents-1, groupId=patient-registration-group-getevents] Successfully synced group in generation Generation{generationId=7, memberId='consumer-patient-registration-group-getevents-1-26dc441f-e05f-421a-9315-f241d2b66ae4', protocol='range'}
2024-03-01T10:37:08.753+01:00  INFO 9640 --- [ntainer#1-0-C-1] o.a.k.c.c.internals.ConsumerCoordinator  : [Consumer clientId=consumer-patient-registration-group-2, groupId=patient-registration-group] Successfully synced group in generation Generation{generationId=7, memberId='consumer-patient-registration-group-2-875b0bf4-d55e-4e71-b5fd-e351fb9b9517', protocol='range'}
2024-03-01T10:37:08.754+01:00  INFO 9640 --- [ntainer#1-0-C-1] o.a.k.c.c.internals.ConsumerCoordinator  : [Consumer clientId=consumer-patient-registration-group-2, groupId=patient-registration-group] Notifying assignor about the new Assignment(partitions=[patient-registration-topic-0])
2024-03-01T10:37:08.754+01:00  INFO 9640 --- [ntainer#0-0-C-1] o.a.k.c.c.internals.ConsumerCoordinator  : [Consumer clientId=consumer-patient-registration-group-getevents-1, groupId=patient-registration-group-getevents] Notifying assignor about the new Assignment(partitions=[patient-registration-topic-0])
2024-03-01T10:37:08.757+01:00  INFO 9640 --- [ntainer#1-0-C-1] o.a.k.c.c.internals.ConsumerCoordinator  : [Consumer clientId=consumer-patient-registration-group-2, groupId=patient-registration-group] Adding newly assigned partitions: patient-registration-topic-0
2024-03-01T10:37:08.757+01:00  INFO 9640 --- [ntainer#0-0-C-1] o.a.k.c.c.internals.ConsumerCoordinator  : [Consumer clientId=consumer-patient-registration-group-getevents-1, groupId=patient-registration-group-getevents] Adding newly assigned partitions: patient-registration-topic-0
2024-03-01T10:37:08.792+01:00  INFO 9640 --- [ntainer#1-0-C-1] o.a.k.c.c.internals.ConsumerCoordinator  : [Consumer clientId=consumer-patient-registration-group-2, groupId=patient-registration-group] Found no committed offset for partition patient-registration-topic-0
2024-03-01T10:37:08.792+01:00  INFO 9640 --- [ntainer#0-0-C-1] o.a.k.c.c.internals.ConsumerCoordinator  : [Consumer clientId=consumer-patient-registration-group-getevents-1, groupId=patient-registration-group-getevents] Found no committed offset for partition patient-registration-topic-0
2024-03-01T10:37:08.868+01:00  INFO 9640 --- [ntainer#0-0-C-1] o.a.k.c.c.internals.SubscriptionState    : [Consumer clientId=consumer-patient-registration-group-getevents-1, groupId=patient-registration-group-getevents] Resetting offset for partition patient-registration-topic-0 to position FetchPosition{offset=0, offsetEpoch=Optional.empty, currentLeader=LeaderAndEpoch{leader=Optional[vm.cloud.cbh.kth.se:2558 (id: 0 rack: null)], epoch=0}}.
2024-03-01T10:37:08.868+01:00  INFO 9640 --- [ntainer#1-0-C-1] o.a.k.c.c.internals.SubscriptionState    : [Consumer clientId=consumer-patient-registration-group-2, groupId=patient-registration-group] Resetting offset for partition patient-registration-topic-0 to position FetchPosition{offset=0, offsetEpoch=Optional.empty, currentLeader=LeaderAndEpoch{leader=Optional[vm.cloud.cbh.kth.se:2558 (id: 0 rack: null)], epoch=0}}.
2024-03-01T10:37:08.871+01:00  INFO 9640 --- [ntainer#0-0-C-1] o.s.k.l.KafkaMessageListenerContainer    : patient-registration-group-getevents: partitions assigned: [patient-registration-topic-0]
2024-03-01T10:37:08.871+01:00  INFO 9640 --- [ntainer#1-0-C-1] o.s.k.l.KafkaMessageListenerContainer    : patient-registration-group: partitions assigned: [patient-registration-topic-0]
]]></system-out>
    <system-err><![CDATA[WARNING: A Java agent has been loaded dynamically (C:\Users\sabah\.m2\repository\net\bytebuddy\byte-buddy-agent\1.14.11\byte-buddy-agent-1.14.11.jar)
WARNING: If a serviceability tool is in use, please run with -XX:+EnableDynamicAgentLoading to hide this warning
WARNING: If a serviceability tool is not in use, please run with -Djdk.instrument.traceUsage for more information
WARNING: Dynamic loading of agents will be disallowed by default in a future release
]]></system-err>
  </testcase>
</testsuite>